# JRE version: Java(TM) SE Runtime Environment (8.0_05-b13) (build 1.8.0_05-b13)
# Java VM: Java HotSpot(TM) 64-Bit Server VM (25.5-b02 mixed mode windows-amd64 compressed oops)
Heap:
 PSYoungGen      total 294912K, used 97798K [0x00000000eab00000, 0x0000000100000000, 0x0000000100000000)
  eden space 249856K, 39% used [0x00000000eab00000,0x00000000f0a818d0,0x00000000f9f00000)
  from space 45056K, 0% used [0x00000000fd400000,0x00000000fd400000,0x0000000100000000)
  to   space 49664K, 0% used [0x00000000f9f00000,0x00000000f9f00000,0x00000000fcf80000)
 ParOldGen       total 444416K, used 92482K [0x00000000c0000000, 0x00000000db200000, 0x00000000eab00000)
  object space 444416K, 20% used [0x00000000c0000000,0x00000000c5a50ab0,0x00000000db200000)
 Metaspace       used 73053K, capacity 76660K, committed 76928K, reserved 1116160K
  class space    used 9805K, capacity 10548K, committed 10624K, reserved 1048576K
GC Heap History (10 events):
Event: 2311.077 GC heap before
{Heap before GC invocations=200 (full 25):
 PSYoungGen      total 300544K, used 281424K [0x00000000eab00000, 0x00000000ffa00000, 0x0000000100000000)
  eden space 265216K, 100% used [0x00000000eab00000,0x00000000fae00000,0x00000000fae00000)
  from space 35328K, 45% used [0x00000000fd780000,0x00000000fe754010,0x00000000ffa00000)
  to   space 38912K, 0% used [0x00000000fae00000,0x00000000fae00000,0x00000000fd400000)
 ParOldGen       total 444416K, used 93472K [0x00000000c0000000, 0x00000000db200000, 0x00000000eab00000)
  object space 444416K, 21% used [0x00000000c0000000,0x00000000c5b48238,0x00000000db200000)
 Metaspace       used 72863K, capacity 76780K, committed 76928K, reserved 1116160K
  class space    used 9817K, capacity 10551K, committed 10624K, reserved 1048576K
Event: 2311.152 GC heap after
Heap after GC invocations=200 (full 25):
 PSYoungGen      total 304128K, used 25712K [0x00000000eab00000, 0x0000000100000000, 0x0000000100000000)
  eden space 265216K, 0% used [0x00000000eab00000,0x00000000eab00000,0x00000000fae00000)
  from space 38912K, 66% used [0x00000000fae00000,0x00000000fc71c010,0x00000000fd400000)
  to   space 40960K, 0% used [0x00000000fd800000,0x00000000fd800000,0x0000000100000000)
 ParOldGen       total 444416K, used 93480K [0x00000000c0000000, 0x00000000db200000, 0x00000000eab00000)
  object space 444416K, 21% used [0x00000000c0000000,0x00000000c5b4a238,0x00000000db200000)
 Metaspace       used 72863K, capacity 76780K, committed 76928K, reserved 1116160K
  class space    used 9817K, capacity 10551K, committed 10624K, reserved 1048576K
}
Event: 2329.170 GC heap before
{Heap before GC invocations=201 (full 25):
 PSYoungGen      total 304128K, used 290928K [0x00000000eab00000, 0x0000000100000000, 0x0000000100000000)
  eden space 265216K, 100% used [0x00000000eab00000,0x00000000fae00000,0x00000000fae00000)
  from space 38912K, 66% used [0x00000000fae00000,0x00000000fc71c010,0x00000000fd400000)
  to   space 40960K, 0% used [0x00000000fd800000,0x00000000fd800000,0x0000000100000000)
 ParOldGen       total 444416K, used 93480K [0x00000000c0000000, 0x00000000db200000, 0x00000000eab00000)
  object space 444416K, 21% used [0x00000000c0000000,0x00000000c5b4a238,0x00000000db200000)
 Metaspace       used 72992K, capacity 76844K, committed 76928K, reserved 1116160K
  class space    used 9818K, capacity 10551K, committed 10624K, reserved 1048576K
Event: 2329.216 GC heap after
Heap after GC invocations=201 (full 25):
 PSYoungGen      total 303104K, used 29185K [0x00000000eab00000, 0x0000000100000000, 0x0000000100000000)
  eden space 262144K, 0% used [0x00000000eab00000,0x00000000eab00000,0x00000000fab00000)
  from space 40960K, 71% used [0x00000000fd800000,0x00000000ff480530,0x0000000100000000)
  to   space 43520K, 0% used [0x00000000fab00000,0x00000000fab00000,0x00000000fd580000)
 ParOldGen       total 444416K, used 93488K [0x00000000c0000000, 0x00000000db200000, 0x00000000eab00000)
  object space 444416K, 21% used [0x00000000c0000000,0x00000000c5b4c238,0x00000000db200000)
 Metaspace       used 72992K, capacity 76844K, committed 76928K, reserved 1116160K
  class space    used 9818K, capacity 10551K, committed 10624K, reserved 1048576K
}
Event: 2330.719 GC heap before
{Heap before GC invocations=202 (full 25):
 PSYoungGen      total 303104K, used 291329K [0x00000000eab00000, 0x0000000100000000, 0x0000000100000000)
  eden space 262144K, 100% used [0x00000000eab00000,0x00000000fab00000,0x00000000fab00000)
  from space 40960K, 71% used [0x00000000fd800000,0x00000000ff480530,0x0000000100000000)
  to   space 43520K, 0% used [0x00000000fab00000,0x00000000fab00000,0x00000000fd580000)
 ParOldGen       total 444416K, used 93488K [0x00000000c0000000, 0x00000000db200000, 0x00000000eab00000)
  object space 444416K, 21% used [0x00000000c0000000,0x00000000c5b4c238,0x00000000db200000)
 Metaspace       used 72993K, capacity 76844K, committed 76928K, reserved 1116160K
  class space    used 9818K, capacity 10551K, committed 10624K, reserved 1048576K
Event: 2330.781 GC heap after
Heap after GC invocations=202 (full 25):
 PSYoungGen      total 304128K, used 41543K [0x00000000eab00000, 0x0000000100000000, 0x0000000100000000)
  eden space 262144K, 0% used [0x00000000eab00000,0x00000000eab00000,0x00000000fab00000)
  from space 41984K, 98% used [0x00000000fab00000,0x00000000fd391c58,0x00000000fd400000)
  to   space 45056K, 0% used [0x00000000fd400000,0x00000000fd400000,0x0000000100000000)
 ParOldGen       total 444416K, used 93488K [0x00000000c0000000, 0x00000000db200000, 0x00000000eab00000)
  object space 444416K, 21% used [0x00000000c0000000,0x00000000c5b4c238,0x00000000db200000)
 Metaspace       used 72993K, capacity 76844K, committed 76928K, reserved 1116160K
  class space    used 9818K, capacity 10551K, committed 10624K, reserved 1048576K
}
Event: 2332.474 GC heap before
{Heap before GC invocations=203 (full 25):
 PSYoungGen      total 304128K, used 277882K [0x00000000eab00000, 0x0000000100000000, 0x0000000100000000)
  eden space 262144K, 90% used [0x00000000eab00000,0x00000000f91ccc48,0x00000000fab00000)
  from space 41984K, 98% used [0x00000000fab00000,0x00000000fd391c58,0x00000000fd400000)
  to   space 45056K, 0% used [0x00000000fd400000,0x00000000fd400000,0x0000000100000000)
 ParOldGen       total 444416K, used 93488K [0x00000000c0000000, 0x00000000db200000, 0x00000000eab00000)
  object space 444416K, 21% used [0x00000000c0000000,0x00000000c5b4c238,0x00000000db200000)
 Metaspace       used 73018K, capacity 76844K, committed 76928K, reserved 1116160K
  class space    used 9818K, capacity 10551K, committed 10624K, reserved 1048576K
Event: 2332.482 GC heap after
Heap after GC invocations=203 (full 25):
 PSYoungGen      total 294912K, used 4017K [0x00000000eab00000, 0x0000000100000000, 0x0000000100000000)
  eden space 249856K, 0% used [0x00000000eab00000,0x00000000eab00000,0x00000000f9f00000)
  from space 45056K, 8% used [0x00000000fd400000,0x00000000fd7ec738,0x0000000100000000)
  to   space 49664K, 0% used [0x00000000f9f00000,0x00000000f9f00000,0x00000000fcf80000)
 ParOldGen       total 444416K, used 93496K [0x00000000c0000000, 0x00000000db200000, 0x00000000eab00000)
  object space 444416K, 21% used [0x00000000c0000000,0x00000000c5b4e238,0x00000000db200000)
 Metaspace       used 73018K, capacity 76844K, committed 76928K, reserved 1116160K
  class space    used 9818K, capacity 10551K, committed 10624K, reserved 1048576K
}
Event: 2332.482 GC heap before
{Heap before GC invocations=204 (full 26):
 PSYoungGen      total 294912K, used 4017K [0x00000000eab00000, 0x0000000100000000, 0x0000000100000000)
  eden space 249856K, 0% used [0x00000000eab00000,0x00000000eab00000,0x00000000f9f00000)
  from space 45056K, 8% used [0x00000000fd400000,0x00000000fd7ec738,0x0000000100000000)
  to   space 49664K, 0% used [0x00000000f9f00000,0x00000000f9f00000,0x00000000fcf80000)
 ParOldGen       total 444416K, used 93496K [0x00000000c0000000, 0x00000000db200000, 0x00000000eab00000)
  object space 444416K, 21% used [0x00000000c0000000,0x00000000c5b4e238,0x00000000db200000)
 Metaspace       used 73018K, capacity 76844K, committed 76928K, reserved 1116160K
  class space    used 9818K, capacity 10551K, committed 10624K, reserved 1048576K
Event: 2333.212 GC heap after
Heap after GC invocations=204 (full 26):
 PSYoungGen      total 294912K, used 0K [0x00000000eab00000, 0x0000000100000000, 0x0000000100000000)
  eden space 249856K, 0% used [0x00000000eab00000,0x00000000eab00000,0x00000000f9f00000)
  from space 45056K, 0% used [0x00000000fd400000,0x00000000fd400000,0x0000000100000000)
  to   space 49664K, 0% used [0x00000000f9f00000,0x00000000f9f00000,0x00000000fcf80000)
 ParOldGen       total 444416K, used 92482K [0x00000000c0000000, 0x00000000db200000, 0x00000000eab00000)
  object space 444416K, 20% used [0x00000000c0000000,0x00000000c5a50ab0,0x00000000db200000)
 Metaspace       used 72740K, capacity 76274K, committed 76928K, reserved 1116160K
  class space    used 9762K, capacity 10451K, committed 10624K, reserved 1048576K
}

